Determining if the pthread_create exist failed with the following output:
Change Dir: /home/nog/GitRepository/GROUP_PROJECTS/PA7/build/CMakeFiles/CMakeTmp

Run Build Command:"/usr/bin/make" "cmTC_8965e/fast"
/usr/bin/make -f CMakeFiles/cmTC_8965e.dir/build.make CMakeFiles/cmTC_8965e.dir/build
make[1]: Entering directory '/home/nog/GitRepository/GROUP_PROJECTS/PA7/build/CMakeFiles/CMakeTmp'
Building C object CMakeFiles/cmTC_8965e.dir/CheckSymbolExists.c.o
/usr/bin/cc     -o CMakeFiles/cmTC_8965e.dir/CheckSymbolExists.c.o   -c /home/nog/GitRepository/GROUP_PROJECTS/PA7/build/CMakeFiles/CMakeTmp/CheckSymbolExists.c
Linking C executable cmTC_8965e
/usr/bin/cmake -E cmake_link_script CMakeFiles/cmTC_8965e.dir/link.txt --verbose=1
/usr/bin/cc       CMakeFiles/cmTC_8965e.dir/CheckSymbolExists.c.o  -o cmTC_8965e -rdynamic 
CMakeFiles/cmTC_8965e.dir/CheckSymbolExists.c.o: In function `main':
CheckSymbolExists.c:(.text+0x16): undefined reference to `pthread_create'
collect2: error: ld returned 1 exit status
CMakeFiles/cmTC_8965e.dir/build.make:97: recipe for target 'cmTC_8965e' failed
make[1]: *** [cmTC_8965e] Error 1
make[1]: Leaving directory '/home/nog/GitRepository/GROUP_PROJECTS/PA7/build/CMakeFiles/CMakeTmp'
Makefile:126: recipe for target 'cmTC_8965e/fast' failed
make: *** [cmTC_8965e/fast] Error 2

File /home/nog/GitRepository/GROUP_PROJECTS/PA7/build/CMakeFiles/CMakeTmp/CheckSymbolExists.c:
/* */
#include <pthread.h>

int main(int argc, char** argv)
{
  (void)argv;
#ifndef pthread_create
  return ((int*)(&pthread_create))[argc];
#else
  (void)argc;
  return 0;
#endif
}

Determining if the function pthread_create exists in the pthreads failed with the following output:
Change Dir: /home/nog/GitRepository/GROUP_PROJECTS/PA7/build/CMakeFiles/CMakeTmp

Run Build Command:"/usr/bin/make" "cmTC_6adfb/fast"
/usr/bin/make -f CMakeFiles/cmTC_6adfb.dir/build.make CMakeFiles/cmTC_6adfb.dir/build
make[1]: Entering directory '/home/nog/GitRepository/GROUP_PROJECTS/PA7/build/CMakeFiles/CMakeTmp'
Building C object CMakeFiles/cmTC_6adfb.dir/CheckFunctionExists.c.o
/usr/bin/cc    -DCHECK_FUNCTION_EXISTS=pthread_create   -o CMakeFiles/cmTC_6adfb.dir/CheckFunctionExists.c.o   -c /usr/share/cmake-3.5/Modules/CheckFunctionExists.c
Linking C executable cmTC_6adfb
/usr/bin/cmake -E cmake_link_script CMakeFiles/cmTC_6adfb.dir/link.txt --verbose=1
/usr/bin/cc   -DCHECK_FUNCTION_EXISTS=pthread_create    CMakeFiles/cmTC_6adfb.dir/CheckFunctionExists.c.o  -o cmTC_6adfb -rdynamic -lpthreads 
/usr/bin/ld: cannot find -lpthreads
collect2: error: ld returned 1 exit status
CMakeFiles/cmTC_6adfb.dir/build.make:97: recipe for target 'cmTC_6adfb' failed
make[1]: *** [cmTC_6adfb] Error 1
make[1]: Leaving directory '/home/nog/GitRepository/GROUP_PROJECTS/PA7/build/CMakeFiles/CMakeTmp'
Makefile:126: recipe for target 'cmTC_6adfb/fast' failed
make: *** [cmTC_6adfb/fast] Error 2


