Determining if the pthread_create exist failed with the following output:
Change Dir: /media/nog/Projects/_Projects/GithubRepositories/GROUP_PROJECTS/PA8/build/CMakeFiles/CMakeTmp

Run Build Command:"/usr/bin/make" "cmTC_54dd5/fast"
/usr/bin/make -f CMakeFiles/cmTC_54dd5.dir/build.make CMakeFiles/cmTC_54dd5.dir/build
make[1]: Entering directory '/media/nog/Projects/_Projects/GithubRepositories/GROUP_PROJECTS/PA8/build/CMakeFiles/CMakeTmp'
Building C object CMakeFiles/cmTC_54dd5.dir/CheckSymbolExists.c.o
/usr/bin/cc     -o CMakeFiles/cmTC_54dd5.dir/CheckSymbolExists.c.o   -c /media/nog/Projects/_Projects/GithubRepositories/GROUP_PROJECTS/PA8/build/CMakeFiles/CMakeTmp/CheckSymbolExists.c
Linking C executable cmTC_54dd5
/usr/bin/cmake -E cmake_link_script CMakeFiles/cmTC_54dd5.dir/link.txt --verbose=1
/usr/bin/cc       CMakeFiles/cmTC_54dd5.dir/CheckSymbolExists.c.o  -o cmTC_54dd5 -rdynamic 
CMakeFiles/cmTC_54dd5.dir/CheckSymbolExists.c.o: In function `main':
CheckSymbolExists.c:(.text+0x16): undefined reference to `pthread_create'
collect2: error: ld returned 1 exit status
CMakeFiles/cmTC_54dd5.dir/build.make:97: recipe for target 'cmTC_54dd5' failed
make[1]: *** [cmTC_54dd5] Error 1
make[1]: Leaving directory '/media/nog/Projects/_Projects/GithubRepositories/GROUP_PROJECTS/PA8/build/CMakeFiles/CMakeTmp'
Makefile:126: recipe for target 'cmTC_54dd5/fast' failed
make: *** [cmTC_54dd5/fast] Error 2

File /media/nog/Projects/_Projects/GithubRepositories/GROUP_PROJECTS/PA8/build/CMakeFiles/CMakeTmp/CheckSymbolExists.c:
/* */
#include <pthread.h>

int main(int argc, char** argv)
{
  (void)argv;
#ifndef pthread_create
  return ((int*)(&pthread_create))[argc];
#else
  (void)argc;
  return 0;
#endif
}

Determining if the function pthread_create exists in the pthreads failed with the following output:
Change Dir: /media/nog/Projects/_Projects/GithubRepositories/GROUP_PROJECTS/PA8/build/CMakeFiles/CMakeTmp

Run Build Command:"/usr/bin/make" "cmTC_cdc1e/fast"
/usr/bin/make -f CMakeFiles/cmTC_cdc1e.dir/build.make CMakeFiles/cmTC_cdc1e.dir/build
make[1]: Entering directory '/media/nog/Projects/_Projects/GithubRepositories/GROUP_PROJECTS/PA8/build/CMakeFiles/CMakeTmp'
Building C object CMakeFiles/cmTC_cdc1e.dir/CheckFunctionExists.c.o
/usr/bin/cc    -DCHECK_FUNCTION_EXISTS=pthread_create   -o CMakeFiles/cmTC_cdc1e.dir/CheckFunctionExists.c.o   -c /usr/share/cmake-3.5/Modules/CheckFunctionExists.c
Linking C executable cmTC_cdc1e
/usr/bin/cmake -E cmake_link_script CMakeFiles/cmTC_cdc1e.dir/link.txt --verbose=1
/usr/bin/cc   -DCHECK_FUNCTION_EXISTS=pthread_create    CMakeFiles/cmTC_cdc1e.dir/CheckFunctionExists.c.o  -o cmTC_cdc1e -rdynamic -lpthreads 
/usr/bin/ld: cannot find -lpthreads
collect2: error: ld returned 1 exit status
CMakeFiles/cmTC_cdc1e.dir/build.make:97: recipe for target 'cmTC_cdc1e' failed
make[1]: *** [cmTC_cdc1e] Error 1
make[1]: Leaving directory '/media/nog/Projects/_Projects/GithubRepositories/GROUP_PROJECTS/PA8/build/CMakeFiles/CMakeTmp'
Makefile:126: recipe for target 'cmTC_cdc1e/fast' failed
make: *** [cmTC_cdc1e/fast] Error 2


