Determining if the pthread_create exist failed with the following output:
Change Dir: /media/nog/Projects/_Projects/GROUP_PROJECTS/PA5/build/CMakeFiles/CMakeTmp

Run Build Command:"/usr/bin/make" "cmTC_47dff/fast"
/usr/bin/make -f CMakeFiles/cmTC_47dff.dir/build.make CMakeFiles/cmTC_47dff.dir/build
make[1]: Entering directory '/media/nog/Projects/_Projects/GROUP_PROJECTS/PA5/build/CMakeFiles/CMakeTmp'
Building C object CMakeFiles/cmTC_47dff.dir/CheckSymbolExists.c.o
/usr/bin/cc     -o CMakeFiles/cmTC_47dff.dir/CheckSymbolExists.c.o   -c /media/nog/Projects/_Projects/GROUP_PROJECTS/PA5/build/CMakeFiles/CMakeTmp/CheckSymbolExists.c
Linking C executable cmTC_47dff
/usr/bin/cmake -E cmake_link_script CMakeFiles/cmTC_47dff.dir/link.txt --verbose=1
/usr/bin/cc       CMakeFiles/cmTC_47dff.dir/CheckSymbolExists.c.o  -o cmTC_47dff -rdynamic 
CMakeFiles/cmTC_47dff.dir/CheckSymbolExists.c.o: In function `main':
CheckSymbolExists.c:(.text+0x16): undefined reference to `pthread_create'
collect2: error: ld returned 1 exit status
CMakeFiles/cmTC_47dff.dir/build.make:97: recipe for target 'cmTC_47dff' failed
make[1]: *** [cmTC_47dff] Error 1
make[1]: Leaving directory '/media/nog/Projects/_Projects/GROUP_PROJECTS/PA5/build/CMakeFiles/CMakeTmp'
Makefile:126: recipe for target 'cmTC_47dff/fast' failed
make: *** [cmTC_47dff/fast] Error 2

File /media/nog/Projects/_Projects/GROUP_PROJECTS/PA5/build/CMakeFiles/CMakeTmp/CheckSymbolExists.c:
/* */
#include <pthread.h>

int main(int argc, char** argv)
{
  (void)argv;
#ifndef pthread_create
  return ((int*)(&pthread_create))[argc];
#else
  (void)argc;
  return 0;
#endif
}

Determining if the function pthread_create exists in the pthreads failed with the following output:
Change Dir: /media/nog/Projects/_Projects/GROUP_PROJECTS/PA5/build/CMakeFiles/CMakeTmp

Run Build Command:"/usr/bin/make" "cmTC_fd123/fast"
/usr/bin/make -f CMakeFiles/cmTC_fd123.dir/build.make CMakeFiles/cmTC_fd123.dir/build
make[1]: Entering directory '/media/nog/Projects/_Projects/GROUP_PROJECTS/PA5/build/CMakeFiles/CMakeTmp'
Building C object CMakeFiles/cmTC_fd123.dir/CheckFunctionExists.c.o
/usr/bin/cc    -DCHECK_FUNCTION_EXISTS=pthread_create   -o CMakeFiles/cmTC_fd123.dir/CheckFunctionExists.c.o   -c /usr/share/cmake-3.5/Modules/CheckFunctionExists.c
Linking C executable cmTC_fd123
/usr/bin/cmake -E cmake_link_script CMakeFiles/cmTC_fd123.dir/link.txt --verbose=1
/usr/bin/cc   -DCHECK_FUNCTION_EXISTS=pthread_create    CMakeFiles/cmTC_fd123.dir/CheckFunctionExists.c.o  -o cmTC_fd123 -rdynamic -lpthreads 
/usr/bin/ld: cannot find -lpthreads
collect2: error: ld returned 1 exit status
CMakeFiles/cmTC_fd123.dir/build.make:97: recipe for target 'cmTC_fd123' failed
make[1]: *** [cmTC_fd123] Error 1
make[1]: Leaving directory '/media/nog/Projects/_Projects/GROUP_PROJECTS/PA5/build/CMakeFiles/CMakeTmp'
Makefile:126: recipe for target 'cmTC_fd123/fast' failed
make: *** [cmTC_fd123/fast] Error 2


